# JRE version: Java(TM) SE Runtime Environment 18.9 (11.0.14+8) (build 11.0.14+8-LTS-263)
# Java VM: Java HotSpot(TM) 64-Bit Server VM 18.9 (11.0.14+8-LTS-263, mixed mode, tiered, compressed oops, g1 gc, windows-amd64)
Heap:
 garbage-first heap   total 363520K, used 203003K [0x0000000080000000, 0x0000000100000000)
  region size 1024K, 2 young (2048K), 2 survivors (2048K)
 Metaspace       used 146988K, capacity 150756K, committed 150912K, reserved 1179648K
  class space    used 18280K, capacity 19710K, committed 19840K, reserved 1048576K
GC Heap History (10 events):
Event: 8668.549 GC heap after
{Heap after GC invocations=129 (full 1):
 garbage-first heap   total 266240K, used 209486K [0x0000000080000000, 0x0000000100000000)
  region size 1024K, 2 young (2048K), 2 survivors (2048K)
 Metaspace       used 146674K, capacity 150419K, committed 150656K, reserved 1179648K
  class space    used 18275K, capacity 19702K, committed 19840K, reserved 1048576K
}
Event: 8669.064 GC heap before
{Heap before GC invocations=130 (full 1):
 garbage-first heap   total 266240K, used 228942K [0x0000000080000000, 0x0000000100000000)
  region size 1024K, 20 young (20480K), 2 survivors (2048K)
 Metaspace       used 146828K, capacity 150570K, committed 150912K, reserved 1179648K
  class space    used 18276K, capacity 19703K, committed 19840K, reserved 1048576K
}
Event: 8669.067 GC heap after
{Heap after GC invocations=131 (full 1):
 garbage-first heap   total 266240K, used 209269K [0x0000000080000000, 0x0000000100000000)
  region size 1024K, 2 young (2048K), 2 survivors (2048K)
 Metaspace       used 146828K, capacity 150570K, committed 150912K, reserved 1179648K
  class space    used 18276K, capacity 19703K, committed 19840K, reserved 1048576K
}
Event: 8669.229 GC heap before
{Heap before GC invocations=131 (full 1):
 garbage-first heap   total 266240K, used 219509K [0x0000000080000000, 0x0000000100000000)
  region size 1024K, 13 young (13312K), 2 survivors (2048K)
 Metaspace       used 146863K, capacity 150597K, committed 150912K, reserved 1179648K
  class space    used 18278K, capacity 19707K, committed 19840K, reserved 1048576K
}
Event: 8669.240 GC heap after
{Heap after GC invocations=132 (full 1):
 garbage-first heap   total 266240K, used 196332K [0x0000000080000000, 0x0000000100000000)
  region size 1024K, 2 young (2048K), 2 survivors (2048K)
 Metaspace       used 146863K, capacity 150597K, committed 150912K, reserved 1179648K
  class space    used 18278K, capacity 19707K, committed 19840K, reserved 1048576K
}
Event: 8669.402 GC heap before
{Heap before GC invocations=132 (full 1):
 garbage-first heap   total 266240K, used 221932K [0x0000000080000000, 0x0000000100000000)
  region size 1024K, 28 young (28672K), 2 survivors (2048K)
 Metaspace       used 146978K, capacity 150756K, committed 150912K, reserved 1179648K
  class space    used 18280K, capacity 19710K, committed 19840K, reserved 1048576K
}
Event: 8669.416 GC heap after
{Heap after GC invocations=133 (full 1):
 garbage-first heap   total 266240K, used 203050K [0x0000000080000000, 0x0000000100000000)
  region size 1024K, 4 young (4096K), 4 survivors (4096K)
 Metaspace       used 146978K, capacity 150756K, committed 150912K, reserved 1179648K
  class space    used 18280K, capacity 19710K, committed 19840K, reserved 1048576K
}
Event: 8669.911 GC heap before
{Heap before GC invocations=134 (full 1):
 garbage-first heap   total 266240K, used 226602K [0x0000000080000000, 0x0000000100000000)
  region size 1024K, 25 young (25600K), 4 survivors (4096K)
 Metaspace       used 146987K, capacity 150756K, committed 150912K, reserved 1179648K
  class space    used 18280K, capacity 19710K, committed 19840K, reserved 1048576K
}
Event: 8669.919 GC heap after
{Heap after GC invocations=135 (full 1):
 garbage-first heap   total 266240K, used 206345K [0x0000000080000000, 0x0000000100000000)
  region size 1024K, 3 young (3072K), 3 survivors (3072K)
 Metaspace       used 146987K, capacity 150756K, committed 150912K, reserved 1179648K
  class space    used 18280K, capacity 19710K, committed 19840K, reserved 1048576K
}
Event: 8670.443 GC heap before
{Heap before GC invocations=135 (full 1):
 garbage-first heap   total 266240K, used 216585K [0x0000000080000000, 0x0000000100000000)
  region size 1024K, 13 young (13312K), 3 survivors (3072K)
 Metaspace       used 146988K, capacity 150756K, committed 150912K, reserved 1179648K
  class space    used 18280K, capacity 19710K, committed 19840K, reserved 1048576K
}

